<?xml version="1.0" encoding="UTF-8"?>
<testng-results skipped="0" failed="0" total="1" passed="1">
  <reporter-output>
  </reporter-output>
  <suite name="Test - Suite" duration-ms="87245" started-at="2018-07-05T07:19:37Z" finished-at="2018-07-05T07:21:04Z">
    <groups>
    </groups>
    <test name="iOS" duration-ms="87245" started-at="2018-07-05T07:19:37Z" finished-at="2018-07-05T07:21:04Z">
      <class name="automation.Tests.CreateAccountScreenDetails">
        <test-method status="PASS" signature="setUp()[pri:0, instance:automation.Tests.CreateAccountScreenDetails@2ef9b8bc]" name="setUp" is-config="true" duration-ms="7336" started-at="2018-07-05T12:49:37Z" finished-at="2018-07-05T12:49:44Z">
          <reporter-output>
          </reporter-output>
        </test-method> <!-- setUp -->
        <test-method status="PASS" signature="test()[pri:0, instance:automation.Tests.CreateAccountScreenDetails@2ef9b8bc]" name="test" duration-ms="79402" started-at="2018-07-05T12:49:44Z" finished-at="2018-07-05T12:51:04Z">
          <reporter-output>
          </reporter-output>
        </test-method> <!-- test -->
        <test-method status="PASS" signature="tearDown()[pri:0, instance:automation.Tests.CreateAccountScreenDetails@2ef9b8bc]" name="tearDown" is-config="true" duration-ms="486" started-at="2018-07-05T12:51:04Z" finished-at="2018-07-05T12:51:04Z">
          <reporter-output>
          </reporter-output>
        </test-method> <!-- tearDown -->
      </class> <!-- automation.Tests.CreateAccountScreenDetails -->
    </test> <!-- iOS -->
  </suite> <!-- Test - Suite -->
</testng-results>
